[26/Nov/2019:22:50:31] ENGINE Bus STARTING
[26/Nov/2019:22:50:31] ENGINE Started monitor thread 'Autoreloader'.
[26/Nov/2019:22:50:31] ENGINE Serving on http://127.0.0.1:31337
[26/Nov/2019:22:50:31] ENGINE Bus STARTED
[26/Nov/2019:22:51:43]  
Traceback (most recent call last):
  File "C:\Users\Cary\.virtualenvs\vulndemoserver-KNzAZ6mw\lib\site-packages\cherrypy\_cprequest.py", line 117, in run_hooks
    hook()
  File "C:\Users\Cary\.virtualenvs\vulndemoserver-KNzAZ6mw\lib\site-packages\cherrypy\_cprequest.py", line 65, in __call__
    return self.callback(**self.kwargs)
  File "C:\Users\Cary\.virtualenvs\vulndemoserver-KNzAZ6mw\lib\site-packages\cherrypy\_cptools.py", line 182, in _wrapper
    if self.callable(**kwargs):
  File "C:\Users\Cary\.virtualenvs\vulndemoserver-KNzAZ6mw\lib\site-packages\cherrypy\lib\static.py", line 386, in staticfile
    raise ValueError(msg)
ValueError: Static tool requires an absolute filename (got 'wwwroot/favicon.ico').
[26/Nov/2019:22:51:43] HTTP 
Traceback (most recent call last):
  File "C:\Users\Cary\.virtualenvs\vulndemoserver-KNzAZ6mw\lib\site-packages\cherrypy\_cprequest.py", line 638, in respond
    self._do_respond(path_info)
  File "C:\Users\Cary\.virtualenvs\vulndemoserver-KNzAZ6mw\lib\site-packages\cherrypy\_cprequest.py", line 694, in _do_respond
    self.hooks.run('before_handler')
  File "C:\Users\Cary\.virtualenvs\vulndemoserver-KNzAZ6mw\lib\site-packages\cherrypy\_cprequest.py", line 95, in run
    self.run_hooks(iter(sorted(self[point])))
  File "C:\Users\Cary\.virtualenvs\vulndemoserver-KNzAZ6mw\lib\site-packages\cherrypy\_cprequest.py", line 117, in run_hooks
    hook()
  File "C:\Users\Cary\.virtualenvs\vulndemoserver-KNzAZ6mw\lib\site-packages\cherrypy\_cprequest.py", line 65, in __call__
    return self.callback(**self.kwargs)
  File "C:\Users\Cary\.virtualenvs\vulndemoserver-KNzAZ6mw\lib\site-packages\cherrypy\_cptools.py", line 182, in _wrapper
    if self.callable(**kwargs):
  File "C:\Users\Cary\.virtualenvs\vulndemoserver-KNzAZ6mw\lib\site-packages\cherrypy\lib\static.py", line 386, in staticfile
    raise ValueError(msg)
ValueError: Static tool requires an absolute filename (got 'wwwroot/favicon.ico').
[26/Nov/2019:22:51:43] HTTP 
Request Headers:
  Remote-Addr: 127.0.0.1
  HOST: 127.0.0.1:31337
  USER-AGENT: Mozilla/5.0 (Windows NT 10.0; Win64; x64; rv:70.0) Gecko/20100101 Firefox/70.0
  ACCEPT: image/webp,*/*
  ACCEPT-LANGUAGE: en-US,en;q=0.5
  ACCEPT-ENCODING: gzip, deflate
  DNT: 1
  CONNECTION: keep-alive
  COOKIE: Cookie="b'SGVyZSwgaGF2ZSBhIGNvb2tpZSE='"
[26/Nov/2019:22:52:08] ENGINE Restarting because C:\Users\Cary\Documents\Programming\Python\vulndemoserver\vulndemoserver.py changed.
[26/Nov/2019:22:52:08] ENGINE Stopped thread 'Autoreloader'.
[26/Nov/2019:22:52:08] ENGINE Bus STOPPING
[26/Nov/2019:22:52:08] ENGINE HTTP Server cherrypy._cpwsgi_server.CPWSGIServer(('127.0.0.1', 31337)) shut down
[26/Nov/2019:22:52:08] ENGINE Bus STOPPED
[26/Nov/2019:22:52:08] ENGINE Bus EXITING
[26/Nov/2019:22:52:08] ENGINE Waiting for child threads to terminate...
[26/Nov/2019:22:52:08] ENGINE Bus EXITED
[26/Nov/2019:22:52:08] ENGINE Re-spawning C:\Users\Cary\.virtualenvs\vulndemoserver-KNzAZ6mw\Scripts\python.exe -B .\vulndemoserver.py
[26/Nov/2019:22:52:19] ENGINE Bus STARTING
[26/Nov/2019:22:52:19] ENGINE Started monitor thread 'Autoreloader'.
[26/Nov/2019:22:52:19] ENGINE Serving on http://127.0.0.1:31337
[26/Nov/2019:22:52:19] ENGINE Bus STARTED
[26/Nov/2019:22:53:23] ENGINE Restarting because C:\Users\Cary\Documents\Programming\Python\vulndemoserver\vulndemoserver.py changed.
[26/Nov/2019:22:53:23] ENGINE Stopped thread 'Autoreloader'.
[26/Nov/2019:22:53:23] ENGINE Bus STOPPING
[26/Nov/2019:22:53:23] ENGINE HTTP Server cherrypy._cpwsgi_server.CPWSGIServer(('127.0.0.1', 31337)) shut down
[26/Nov/2019:22:53:23] ENGINE Bus STOPPED
[26/Nov/2019:22:53:23] ENGINE Bus EXITING
[26/Nov/2019:22:53:23] ENGINE Waiting for child threads to terminate...
[26/Nov/2019:22:53:23] ENGINE Bus EXITED
[26/Nov/2019:22:53:23] ENGINE Re-spawning C:\Users\Cary\.virtualenvs\vulndemoserver-KNzAZ6mw\Scripts\python.exe -B .\vulndemoserver.py
[26/Nov/2019:22:53:24] ENGINE Bus STARTING
[26/Nov/2019:22:53:24] ENGINE Started monitor thread 'Autoreloader'.
[26/Nov/2019:22:53:24] ENGINE Serving on http://127.0.0.1:31337
[26/Nov/2019:22:53:24] ENGINE Bus STARTED
[26/Nov/2019:22:57:04] ENGINE Restarting because C:\Users\Cary\Documents\Programming\Python\vulndemoserver\vulndemoserver.py changed.
[26/Nov/2019:22:57:04] ENGINE Stopped thread 'Autoreloader'.
[26/Nov/2019:22:57:04] ENGINE Bus STOPPING
[26/Nov/2019:22:57:05] ENGINE HTTP Server cherrypy._cpwsgi_server.CPWSGIServer(('127.0.0.1', 31337)) shut down
[26/Nov/2019:22:57:05] ENGINE Bus STOPPED
[26/Nov/2019:22:57:05] ENGINE Bus EXITING
[26/Nov/2019:22:57:05] ENGINE Waiting for child threads to terminate...
[26/Nov/2019:22:57:05] ENGINE Bus EXITED
[26/Nov/2019:22:57:05] ENGINE Re-spawning C:\Users\Cary\.virtualenvs\vulndemoserver-KNzAZ6mw\Scripts\python.exe -B .\vulndemoserver.py
[26/Nov/2019:22:57:05] ENGINE Bus STARTING
[26/Nov/2019:22:57:05] ENGINE Started monitor thread 'Autoreloader'.
[26/Nov/2019:22:57:05] ENGINE Serving on http://127.0.0.1:31337
[26/Nov/2019:22:57:05] ENGINE Bus STARTED
[26/Nov/2019:22:58:05] ENGINE Restarting because C:\Users\Cary\Documents\Programming\Python\vulndemoserver\vulndemoserver.py changed.
[26/Nov/2019:22:58:05] ENGINE Stopped thread 'Autoreloader'.
[26/Nov/2019:22:58:05] ENGINE Bus STOPPING
[26/Nov/2019:22:58:05] ENGINE HTTP Server cherrypy._cpwsgi_server.CPWSGIServer(('127.0.0.1', 31337)) shut down
[26/Nov/2019:22:58:05] ENGINE Bus STOPPED
[26/Nov/2019:22:58:05] ENGINE Bus EXITING
[26/Nov/2019:22:58:05] ENGINE Waiting for child threads to terminate...
[26/Nov/2019:22:58:05] ENGINE Bus EXITED
[26/Nov/2019:22:58:05] ENGINE Re-spawning C:\Users\Cary\.virtualenvs\vulndemoserver-KNzAZ6mw\Scripts\python.exe -B .\vulndemoserver.py
[26/Nov/2019:22:58:05] ENGINE Bus STARTING
[26/Nov/2019:22:58:05] ENGINE Started monitor thread 'Autoreloader'.
[26/Nov/2019:22:58:05] ENGINE Serving on http://127.0.0.1:31337
[26/Nov/2019:22:58:05] ENGINE Bus STARTED
[26/Nov/2019:22:58:50] ENGINE Restarting because C:\Users\Cary\Documents\Programming\Python\vulndemoserver\vulndemoserver.py changed.
[26/Nov/2019:22:58:50] ENGINE Stopped thread 'Autoreloader'.
[26/Nov/2019:22:58:50] ENGINE Bus STOPPING
[26/Nov/2019:22:58:50] ENGINE HTTP Server cherrypy._cpwsgi_server.CPWSGIServer(('127.0.0.1', 31337)) shut down
[26/Nov/2019:22:58:50] ENGINE Bus STOPPED
[26/Nov/2019:22:58:50] ENGINE Bus EXITING
[26/Nov/2019:22:58:50] ENGINE Waiting for child threads to terminate...
[26/Nov/2019:22:58:50] ENGINE Bus EXITED
[26/Nov/2019:22:58:50] ENGINE Re-spawning C:\Users\Cary\.virtualenvs\vulndemoserver-KNzAZ6mw\Scripts\python.exe -B .\vulndemoserver.py
[26/Nov/2019:22:58:50] ENGINE Bus STARTING
[26/Nov/2019:22:58:50] ENGINE Started monitor thread 'Autoreloader'.
[26/Nov/2019:22:58:51] ENGINE Serving on http://127.0.0.1:31337
[26/Nov/2019:22:58:51] ENGINE Bus STARTED
[26/Nov/2019:22:59:36] ENGINE Restarting because C:\Users\Cary\Documents\Programming\Python\vulndemoserver\vulndemoserver.py changed.
[26/Nov/2019:22:59:36] ENGINE Stopped thread 'Autoreloader'.
[26/Nov/2019:22:59:36] ENGINE Bus STOPPING
[26/Nov/2019:22:59:36] ENGINE HTTP Server cherrypy._cpwsgi_server.CPWSGIServer(('127.0.0.1', 31337)) shut down
[26/Nov/2019:22:59:36] ENGINE Bus STOPPED
[26/Nov/2019:22:59:36] ENGINE Bus EXITING
[26/Nov/2019:22:59:36] ENGINE Waiting for child threads to terminate...
[26/Nov/2019:22:59:36] ENGINE Bus EXITED
[26/Nov/2019:22:59:36] ENGINE Re-spawning C:\Users\Cary\.virtualenvs\vulndemoserver-KNzAZ6mw\Scripts\python.exe -B .\vulndemoserver.py
[26/Nov/2019:22:59:37] ENGINE Bus STARTING
[26/Nov/2019:22:59:37] ENGINE Started monitor thread 'Autoreloader'.
[26/Nov/2019:22:59:37] ENGINE Serving on http://127.0.0.1:31337
[26/Nov/2019:22:59:37] ENGINE Bus STARTED
[26/Nov/2019:23:00:57] HTTP 
Traceback (most recent call last):
  File "C:\Users\Cary\.virtualenvs\vulndemoserver-KNzAZ6mw\lib\site-packages\cherrypy\_cprequest.py", line 638, in respond
    self._do_respond(path_info)
  File "C:\Users\Cary\.virtualenvs\vulndemoserver-KNzAZ6mw\lib\site-packages\cherrypy\_cprequest.py", line 697, in _do_respond
    response.body = self.handler()
  File "C:\Users\Cary\.virtualenvs\vulndemoserver-KNzAZ6mw\lib\site-packages\cherrypy\lib\encoding.py", line 219, in __call__
    self.body = self.oldhandler(*args, **kwargs)
  File "C:\Users\Cary\.virtualenvs\vulndemoserver-KNzAZ6mw\lib\site-packages\cherrypy\_cpdispatch.py", line 54, in __call__
    return self.callable(*self.args, **self.kwargs)
  File ".\vulndemoserver.py", line 152, in xss3
    return cstiPreamble + response
NameError: name 'cstiPreamble' is not defined
[26/Nov/2019:23:00:57] HTTP 
Request Headers:
  Remote-Addr: 127.0.0.1
  HOST: 127.0.0.1:31337
  USER-AGENT: Mozilla/5.0 (Windows NT 10.0; Win64; x64; rv:70.0) Gecko/20100101 Firefox/70.0
  ACCEPT: text/html,application/xhtml+xml,application/xml;q=0.9,*/*;q=0.8
  ACCEPT-LANGUAGE: en-US,en;q=0.5
  ACCEPT-ENCODING: gzip, deflate
  DNT: 1
  CONNECTION: keep-alive
  REFERER: http://127.0.0.1:31337/index.html
  COOKIE: Cookie="b'SGVyZSwgaGF2ZSBhIGNvb2tpZSE='"
  UPGRADE-INSECURE-REQUESTS: 1
[26/Nov/2019:23:01:00] HTTP 
Traceback (most recent call last):
  File "C:\Users\Cary\.virtualenvs\vulndemoserver-KNzAZ6mw\lib\site-packages\cherrypy\_cprequest.py", line 638, in respond
    self._do_respond(path_info)
  File "C:\Users\Cary\.virtualenvs\vulndemoserver-KNzAZ6mw\lib\site-packages\cherrypy\_cprequest.py", line 697, in _do_respond
    response.body = self.handler()
  File "C:\Users\Cary\.virtualenvs\vulndemoserver-KNzAZ6mw\lib\site-packages\cherrypy\lib\encoding.py", line 219, in __call__
    self.body = self.oldhandler(*args, **kwargs)
  File "C:\Users\Cary\.virtualenvs\vulndemoserver-KNzAZ6mw\lib\site-packages\cherrypy\_cpdispatch.py", line 54, in __call__
    return self.callable(*self.args, **self.kwargs)
  File ".\vulndemoserver.py", line 133, in xss2
    return cstiPreamble + response
NameError: name 'cstiPreamble' is not defined
[26/Nov/2019:23:01:00] HTTP 
Request Headers:
  Remote-Addr: 127.0.0.1
  HOST: 127.0.0.1:31337
  USER-AGENT: Mozilla/5.0 (Windows NT 10.0; Win64; x64; rv:70.0) Gecko/20100101 Firefox/70.0
  ACCEPT: text/html,application/xhtml+xml,application/xml;q=0.9,*/*;q=0.8
  ACCEPT-LANGUAGE: en-US,en;q=0.5
  ACCEPT-ENCODING: gzip, deflate
  DNT: 1
  CONNECTION: keep-alive
  REFERER: http://127.0.0.1:31337/index.html
  COOKIE: Cookie="b'SGVyZSwgaGF2ZSBhIGNvb2tpZSE='"
  UPGRADE-INSECURE-REQUESTS: 1
[26/Nov/2019:23:01:02] HTTP 
Traceback (most recent call last):
  File "C:\Users\Cary\.virtualenvs\vulndemoserver-KNzAZ6mw\lib\site-packages\cherrypy\_cprequest.py", line 638, in respond
    self._do_respond(path_info)
  File "C:\Users\Cary\.virtualenvs\vulndemoserver-KNzAZ6mw\lib\site-packages\cherrypy\_cprequest.py", line 697, in _do_respond
    response.body = self.handler()
  File "C:\Users\Cary\.virtualenvs\vulndemoserver-KNzAZ6mw\lib\site-packages\cherrypy\lib\encoding.py", line 219, in __call__
    self.body = self.oldhandler(*args, **kwargs)
  File "C:\Users\Cary\.virtualenvs\vulndemoserver-KNzAZ6mw\lib\site-packages\cherrypy\_cpdispatch.py", line 54, in __call__
    return self.callable(*self.args, **self.kwargs)
  File ".\vulndemoserver.py", line 114, in xss
    return cstiPreamble + response
NameError: name 'cstiPreamble' is not defined
[26/Nov/2019:23:01:02] HTTP 
Request Headers:
  Remote-Addr: 127.0.0.1
  HOST: 127.0.0.1:31337
  USER-AGENT: Mozilla/5.0 (Windows NT 10.0; Win64; x64; rv:70.0) Gecko/20100101 Firefox/70.0
  ACCEPT: text/html,application/xhtml+xml,application/xml;q=0.9,*/*;q=0.8
  ACCEPT-LANGUAGE: en-US,en;q=0.5
  ACCEPT-ENCODING: gzip, deflate
  DNT: 1
  CONNECTION: keep-alive
  REFERER: http://127.0.0.1:31337/index.html
  COOKIE: Cookie="b'SGVyZSwgaGF2ZSBhIGNvb2tpZSE='"
  UPGRADE-INSECURE-REQUESTS: 1
[26/Nov/2019:23:01:39] ENGINE Restarting because C:\Users\Cary\Documents\Programming\Python\vulndemoserver\vulndemoserver.py changed.
[26/Nov/2019:23:01:39] ENGINE Stopped thread 'Autoreloader'.
[26/Nov/2019:23:01:39] ENGINE Bus STOPPING
[26/Nov/2019:23:01:39] ENGINE HTTP Server cherrypy._cpwsgi_server.CPWSGIServer(('127.0.0.1', 31337)) shut down
[26/Nov/2019:23:01:39] ENGINE Bus STOPPED
[26/Nov/2019:23:01:39] ENGINE Bus EXITING
[26/Nov/2019:23:01:39] ENGINE Waiting for child threads to terminate...
[26/Nov/2019:23:01:39] ENGINE Bus EXITED
[26/Nov/2019:23:01:39] ENGINE Re-spawning C:\Users\Cary\.virtualenvs\vulndemoserver-KNzAZ6mw\Scripts\python.exe -B .\vulndemoserver.py
[26/Nov/2019:23:01:40] ENGINE Bus STARTING
[26/Nov/2019:23:01:40] ENGINE Started monitor thread 'Autoreloader'.
[26/Nov/2019:23:01:40] ENGINE Serving on http://127.0.0.1:31337
[26/Nov/2019:23:01:40] ENGINE Bus STARTED
[26/Nov/2019:23:04:25] ENGINE Restarting because C:\Users\Cary\Documents\Programming\Python\vulndemoserver\vulndemoserver.py changed.
[26/Nov/2019:23:04:25] ENGINE Stopped thread 'Autoreloader'.
[26/Nov/2019:23:04:25] ENGINE Bus STOPPING
[26/Nov/2019:23:04:25] ENGINE HTTP Server cherrypy._cpwsgi_server.CPWSGIServer(('127.0.0.1', 31337)) shut down
[26/Nov/2019:23:04:25] ENGINE Bus STOPPED
[26/Nov/2019:23:04:25] ENGINE Bus EXITING
[26/Nov/2019:23:04:25] ENGINE Waiting for child threads to terminate...
[26/Nov/2019:23:04:25] ENGINE Bus EXITED
[26/Nov/2019:23:04:25] ENGINE Re-spawning C:\Users\Cary\.virtualenvs\vulndemoserver-KNzAZ6mw\Scripts\python.exe -B .\vulndemoserver.py
[26/Nov/2019:23:04:26] ENGINE Bus STARTING
[26/Nov/2019:23:04:26] ENGINE Started monitor thread 'Autoreloader'.
[26/Nov/2019:23:04:26] ENGINE Serving on http://127.0.0.1:31337
[26/Nov/2019:23:04:26] ENGINE Bus STARTED
[26/Nov/2019:23:05:53] ENGINE Restarting because C:\Users\Cary\Documents\Programming\Python\vulndemoserver\vulndemoserver.py changed.
[26/Nov/2019:23:05:53] ENGINE Stopped thread 'Autoreloader'.
[26/Nov/2019:23:05:53] ENGINE Bus STOPPING
[26/Nov/2019:23:05:53] ENGINE HTTP Server cherrypy._cpwsgi_server.CPWSGIServer(('127.0.0.1', 31337)) shut down
[26/Nov/2019:23:05:53] ENGINE Bus STOPPED
[26/Nov/2019:23:05:53] ENGINE Bus EXITING
[26/Nov/2019:23:05:53] ENGINE Waiting for child threads to terminate...
[26/Nov/2019:23:05:53] ENGINE Bus EXITED
[26/Nov/2019:23:05:53] ENGINE Re-spawning C:\Users\Cary\.virtualenvs\vulndemoserver-KNzAZ6mw\Scripts\python.exe -B .\vulndemoserver.py
[26/Nov/2019:23:05:54] ENGINE Bus STARTING
[26/Nov/2019:23:05:54] ENGINE Started monitor thread 'Autoreloader'.
[26/Nov/2019:23:05:54] ENGINE Serving on http://127.0.0.1:31337
[26/Nov/2019:23:05:54] ENGINE Bus STARTED
[26/Nov/2019:23:08:42] ENGINE Restarting because C:\Users\Cary\Documents\Programming\Python\vulndemoserver\vulndemoserver.py changed.
[26/Nov/2019:23:08:42] ENGINE Stopped thread 'Autoreloader'.
[26/Nov/2019:23:08:42] ENGINE Bus STOPPING
[26/Nov/2019:23:08:42] ENGINE HTTP Server cherrypy._cpwsgi_server.CPWSGIServer(('127.0.0.1', 31337)) shut down
[26/Nov/2019:23:08:42] ENGINE Bus STOPPED
[26/Nov/2019:23:08:42] ENGINE Bus EXITING
[26/Nov/2019:23:08:42] ENGINE Waiting for child threads to terminate...
[26/Nov/2019:23:08:42] ENGINE Bus EXITED
[26/Nov/2019:23:08:42] ENGINE Re-spawning C:\Users\Cary\.virtualenvs\vulndemoserver-KNzAZ6mw\Scripts\python.exe -B .\vulndemoserver.py
[26/Nov/2019:23:09:04] ENGINE Bus STARTING
[26/Nov/2019:23:09:04] ENGINE Started monitor thread 'Autoreloader'.
[26/Nov/2019:23:09:05] ENGINE Serving on http://127.0.0.1:31337
[26/Nov/2019:23:09:05] ENGINE Bus STARTED
[26/Nov/2019:23:11:54] ENGINE Restarting because C:\Users\Cary\Documents\Programming\Python\vulndemoserver\vulndemoserver.py changed.
[26/Nov/2019:23:11:54] ENGINE Stopped thread 'Autoreloader'.
[26/Nov/2019:23:11:54] ENGINE Bus STOPPING
[26/Nov/2019:23:11:54] ENGINE HTTP Server cherrypy._cpwsgi_server.CPWSGIServer(('127.0.0.1', 31337)) shut down
[26/Nov/2019:23:11:54] ENGINE Bus STOPPED
[26/Nov/2019:23:11:54] ENGINE Bus EXITING
[26/Nov/2019:23:11:54] ENGINE Waiting for child threads to terminate...
[26/Nov/2019:23:11:54] ENGINE Bus EXITED
[26/Nov/2019:23:11:54] ENGINE Re-spawning C:\Users\Cary\.virtualenvs\vulndemoserver-KNzAZ6mw\Scripts\python.exe -B .\vulndemoserver.py
[26/Nov/2019:23:12:13] ENGINE Bus STARTING
[26/Nov/2019:23:12:13] ENGINE Started monitor thread 'Autoreloader'.
[26/Nov/2019:23:12:13] ENGINE Serving on http://127.0.0.1:31337
[26/Nov/2019:23:12:13] ENGINE Bus STARTED
[26/Nov/2019:23:12:42] ENGINE Restarting because C:\Users\Cary\Documents\Programming\Python\vulndemoserver\vulndemoserver.py changed.
[26/Nov/2019:23:12:42] ENGINE Stopped thread 'Autoreloader'.
[26/Nov/2019:23:12:42] ENGINE Bus STOPPING
[26/Nov/2019:23:12:43] ENGINE HTTP Server cherrypy._cpwsgi_server.CPWSGIServer(('127.0.0.1', 31337)) shut down
[26/Nov/2019:23:12:43] ENGINE Bus STOPPED
[26/Nov/2019:23:12:43] ENGINE Bus EXITING
[26/Nov/2019:23:12:43] ENGINE Waiting for child threads to terminate...
[26/Nov/2019:23:12:43] ENGINE Bus EXITED
[26/Nov/2019:23:12:43] ENGINE Re-spawning C:\Users\Cary\.virtualenvs\vulndemoserver-KNzAZ6mw\Scripts\python.exe -B .\vulndemoserver.py
[26/Nov/2019:23:12:43] ENGINE Bus STARTING
[26/Nov/2019:23:12:43] ENGINE Started monitor thread 'Autoreloader'.
[26/Nov/2019:23:12:43] ENGINE Serving on http://127.0.0.1:31337
[26/Nov/2019:23:12:43] ENGINE Bus STARTED
[26/Nov/2019:23:13:54] ENGINE Restarting because C:\Users\Cary\Documents\Programming\Python\vulndemoserver\vulndemoserver.py changed.
[26/Nov/2019:23:13:54] ENGINE Stopped thread 'Autoreloader'.
[26/Nov/2019:23:13:54] ENGINE Bus STOPPING
[26/Nov/2019:23:13:54] ENGINE HTTP Server cherrypy._cpwsgi_server.CPWSGIServer(('127.0.0.1', 31337)) shut down
[26/Nov/2019:23:13:54] ENGINE Bus STOPPED
[26/Nov/2019:23:13:54] ENGINE Bus EXITING
[26/Nov/2019:23:13:54] ENGINE Waiting for child threads to terminate...
[26/Nov/2019:23:13:54] ENGINE Bus EXITED
[26/Nov/2019:23:13:54] ENGINE Re-spawning C:\Users\Cary\.virtualenvs\vulndemoserver-KNzAZ6mw\Scripts\python.exe -B .\vulndemoserver.py
[26/Nov/2019:23:13:55] ENGINE Bus STARTING
[26/Nov/2019:23:13:55] ENGINE Started monitor thread 'Autoreloader'.
[26/Nov/2019:23:13:55] ENGINE Serving on http://127.0.0.1:31337
[26/Nov/2019:23:13:55] ENGINE Bus STARTED
[26/Nov/2019:23:13:57] HTTP 
Traceback (most recent call last):
  File "C:\Users\Cary\.virtualenvs\vulndemoserver-KNzAZ6mw\lib\site-packages\cherrypy\_cprequest.py", line 638, in respond
    self._do_respond(path_info)
  File "C:\Users\Cary\.virtualenvs\vulndemoserver-KNzAZ6mw\lib\site-packages\cherrypy\_cprequest.py", line 697, in _do_respond
    response.body = self.handler()
  File "C:\Users\Cary\.virtualenvs\vulndemoserver-KNzAZ6mw\lib\site-packages\cherrypy\_cprequest.py", line 796, in __set__
    raise ValueError(self.unicode_err)
ValueError: Page handlers MUST return bytes. Use tools.encode if you wish to return unicode.
[26/Nov/2019:23:13:57] HTTP 
Request Headers:
  Remote-Addr: 127.0.0.1
  HOST: 127.0.0.1:31337
  USER-AGENT: Mozilla/5.0 (Windows NT 10.0; Win64; x64; rv:70.0) Gecko/20100101 Firefox/70.0
  ACCEPT: text/html,application/xhtml+xml,application/xml;q=0.9,*/*;q=0.8
  ACCEPT-LANGUAGE: en-US,en;q=0.5
  ACCEPT-ENCODING: gzip, deflate
  DNT: 1
  CONNECTION: keep-alive
  COOKIE: Cookie="b'SGVyZSwgaGF2ZSBhIGNvb2tpZSE='"
  UPGRADE-INSECURE-REQUESTS: 1
  CACHE-CONTROL: max-age=0
[26/Nov/2019:23:13:58] HTTP 
Traceback (most recent call last):
  File "C:\Users\Cary\.virtualenvs\vulndemoserver-KNzAZ6mw\lib\site-packages\cherrypy\_cprequest.py", line 638, in respond
    self._do_respond(path_info)
  File "C:\Users\Cary\.virtualenvs\vulndemoserver-KNzAZ6mw\lib\site-packages\cherrypy\_cprequest.py", line 697, in _do_respond
    response.body = self.handler()
  File "C:\Users\Cary\.virtualenvs\vulndemoserver-KNzAZ6mw\lib\site-packages\cherrypy\_cprequest.py", line 796, in __set__
    raise ValueError(self.unicode_err)
ValueError: Page handlers MUST return bytes. Use tools.encode if you wish to return unicode.
[26/Nov/2019:23:13:58] HTTP 
Request Headers:
  Remote-Addr: 127.0.0.1
  HOST: 127.0.0.1:31337
  USER-AGENT: Mozilla/5.0 (Windows NT 10.0; Win64; x64; rv:70.0) Gecko/20100101 Firefox/70.0
  ACCEPT: text/html,application/xhtml+xml,application/xml;q=0.9,*/*;q=0.8
  ACCEPT-LANGUAGE: en-US,en;q=0.5
  ACCEPT-ENCODING: gzip, deflate
  DNT: 1
  CONNECTION: keep-alive
  COOKIE: Cookie="b'SGVyZSwgaGF2ZSBhIGNvb2tpZSE='"
  UPGRADE-INSECURE-REQUESTS: 1
  CACHE-CONTROL: max-age=0
[26/Nov/2019:23:14:00] HTTP 
Traceback (most recent call last):
  File "C:\Users\Cary\.virtualenvs\vulndemoserver-KNzAZ6mw\lib\site-packages\cherrypy\_cprequest.py", line 638, in respond
    self._do_respond(path_info)
  File "C:\Users\Cary\.virtualenvs\vulndemoserver-KNzAZ6mw\lib\site-packages\cherrypy\_cprequest.py", line 697, in _do_respond
    response.body = self.handler()
  File "C:\Users\Cary\.virtualenvs\vulndemoserver-KNzAZ6mw\lib\site-packages\cherrypy\_cprequest.py", line 796, in __set__
    raise ValueError(self.unicode_err)
ValueError: Page handlers MUST return bytes. Use tools.encode if you wish to return unicode.
[26/Nov/2019:23:14:00] HTTP 
Request Headers:
  Remote-Addr: 127.0.0.1
  HOST: 127.0.0.1:31337
  USER-AGENT: Mozilla/5.0 (Windows NT 10.0; Win64; x64; rv:70.0) Gecko/20100101 Firefox/70.0
  ACCEPT: text/html,application/xhtml+xml,application/xml;q=0.9,*/*;q=0.8
  ACCEPT-LANGUAGE: en-US,en;q=0.5
  ACCEPT-ENCODING: gzip, deflate
  DNT: 1
  CONNECTION: keep-alive
  COOKIE: Cookie="b'SGVyZSwgaGF2ZSBhIGNvb2tpZSE='"
  UPGRADE-INSECURE-REQUESTS: 1
  CACHE-CONTROL: max-age=0
[26/Nov/2019:23:14:01] HTTP 
Traceback (most recent call last):
  File "C:\Users\Cary\.virtualenvs\vulndemoserver-KNzAZ6mw\lib\site-packages\cherrypy\_cprequest.py", line 638, in respond
    self._do_respond(path_info)
  File "C:\Users\Cary\.virtualenvs\vulndemoserver-KNzAZ6mw\lib\site-packages\cherrypy\_cprequest.py", line 697, in _do_respond
    response.body = self.handler()
  File "C:\Users\Cary\.virtualenvs\vulndemoserver-KNzAZ6mw\lib\site-packages\cherrypy\_cprequest.py", line 796, in __set__
    raise ValueError(self.unicode_err)
ValueError: Page handlers MUST return bytes. Use tools.encode if you wish to return unicode.
[26/Nov/2019:23:14:01] HTTP 
Request Headers:
  Remote-Addr: 127.0.0.1
  HOST: 127.0.0.1:31337
  USER-AGENT: Mozilla/5.0 (Windows NT 10.0; Win64; x64; rv:70.0) Gecko/20100101 Firefox/70.0
  ACCEPT: text/html,application/xhtml+xml,application/xml;q=0.9,*/*;q=0.8
  ACCEPT-LANGUAGE: en-US,en;q=0.5
  ACCEPT-ENCODING: gzip, deflate
  DNT: 1
  CONNECTION: keep-alive
  COOKIE: Cookie="b'SGVyZSwgaGF2ZSBhIGNvb2tpZSE='"
  UPGRADE-INSECURE-REQUESTS: 1
  CACHE-CONTROL: max-age=0
[26/Nov/2019:23:20:56] ENGINE Restarting because C:\Users\Cary\Documents\Programming\Python\vulndemoserver\vulndemoserver.py changed.
[26/Nov/2019:23:20:56] ENGINE Stopped thread 'Autoreloader'.
[26/Nov/2019:23:20:56] ENGINE Bus STOPPING
[26/Nov/2019:23:20:56] ENGINE HTTP Server cherrypy._cpwsgi_server.CPWSGIServer(('127.0.0.1', 31337)) shut down
[26/Nov/2019:23:20:56] ENGINE Bus STOPPED
[26/Nov/2019:23:20:56] ENGINE Bus EXITING
[26/Nov/2019:23:20:56] ENGINE Waiting for child threads to terminate...
[26/Nov/2019:23:20:56] ENGINE Bus EXITED
[26/Nov/2019:23:20:56] ENGINE Re-spawning C:\Users\Cary\.virtualenvs\vulndemoserver-KNzAZ6mw\Scripts\python.exe -B .\vulndemoserver.py
[26/Nov/2019:23:24:16] ENGINE Bus STARTING
[26/Nov/2019:23:24:16] ENGINE Started monitor thread 'Autoreloader'.
[26/Nov/2019:23:24:16] ENGINE Serving on http://127.0.0.1:31337
[26/Nov/2019:23:24:16] ENGINE Bus STARTED
[26/Nov/2019:23:25:22] ENGINE Restarting because C:\Users\Cary\Documents\Programming\Python\vulndemoserver\vulndemoserver.py changed.
[26/Nov/2019:23:25:22] ENGINE Stopped thread 'Autoreloader'.
[26/Nov/2019:23:25:22] ENGINE Bus STOPPING
[26/Nov/2019:23:25:22] ENGINE HTTP Server cherrypy._cpwsgi_server.CPWSGIServer(('127.0.0.1', 31337)) shut down
[26/Nov/2019:23:25:22] ENGINE Bus STOPPED
[26/Nov/2019:23:25:22] ENGINE Bus EXITING
[26/Nov/2019:23:25:22] ENGINE Waiting for child threads to terminate...
[26/Nov/2019:23:25:22] ENGINE Bus EXITED
[26/Nov/2019:23:25:22] ENGINE Re-spawning C:\Users\Cary\.virtualenvs\vulndemoserver-KNzAZ6mw\Scripts\python.exe -B .\vulndemoserver.py
[26/Nov/2019:23:25:23] ENGINE Bus STARTING
[26/Nov/2019:23:25:23] ENGINE Started monitor thread 'Autoreloader'.
[26/Nov/2019:23:25:23] ENGINE Serving on http://127.0.0.1:31337
[26/Nov/2019:23:25:23] ENGINE Bus STARTED
[26/Nov/2019:23:25:40] ENGINE Restarting because C:\Users\Cary\Documents\Programming\Python\vulndemoserver\vulndemoserver.py changed.
[26/Nov/2019:23:25:40] ENGINE Stopped thread 'Autoreloader'.
[26/Nov/2019:23:25:40] ENGINE Bus STOPPING
[26/Nov/2019:23:25:40] ENGINE HTTP Server cherrypy._cpwsgi_server.CPWSGIServer(('127.0.0.1', 31337)) shut down
[26/Nov/2019:23:25:40] ENGINE Bus STOPPED
[26/Nov/2019:23:25:40] ENGINE Bus EXITING
[26/Nov/2019:23:25:40] ENGINE Waiting for child threads to terminate...
[26/Nov/2019:23:25:40] ENGINE Bus EXITED
[26/Nov/2019:23:25:40] ENGINE Re-spawning C:\Users\Cary\.virtualenvs\vulndemoserver-KNzAZ6mw\Scripts\python.exe -B .\vulndemoserver.py
[26/Nov/2019:23:25:41] ENGINE Bus STARTING
[26/Nov/2019:23:25:41] ENGINE Started monitor thread 'Autoreloader'.
[26/Nov/2019:23:25:41] ENGINE Serving on http://127.0.0.1:31337
[26/Nov/2019:23:25:41] ENGINE Bus STARTED
[26/Nov/2019:23:26:04] ENGINE Restarting because C:\Users\Cary\Documents\Programming\Python\vulndemoserver\vulndemoserver.py changed.
[26/Nov/2019:23:26:04] ENGINE Stopped thread 'Autoreloader'.
[26/Nov/2019:23:26:04] ENGINE Bus STOPPING
[26/Nov/2019:23:26:04] ENGINE HTTP Server cherrypy._cpwsgi_server.CPWSGIServer(('127.0.0.1', 31337)) shut down
[26/Nov/2019:23:26:04] ENGINE Bus STOPPED
[26/Nov/2019:23:26:04] ENGINE Bus EXITING
[26/Nov/2019:23:26:04] ENGINE Waiting for child threads to terminate...
[26/Nov/2019:23:26:04] ENGINE Bus EXITED
[26/Nov/2019:23:26:04] ENGINE Re-spawning C:\Users\Cary\.virtualenvs\vulndemoserver-KNzAZ6mw\Scripts\python.exe -B .\vulndemoserver.py
[26/Nov/2019:23:26:05] ENGINE Bus STARTING
[26/Nov/2019:23:26:05] ENGINE Started monitor thread 'Autoreloader'.
[26/Nov/2019:23:26:05] ENGINE Serving on http://127.0.0.1:31337
[26/Nov/2019:23:26:05] ENGINE Bus STARTED
[26/Nov/2019:23:26:39] ENGINE Restarting because C:\Users\Cary\Documents\Programming\Python\vulndemoserver\vulndemoserver.py changed.
[26/Nov/2019:23:26:39] ENGINE Stopped thread 'Autoreloader'.
[26/Nov/2019:23:26:39] ENGINE Bus STOPPING
[26/Nov/2019:23:26:39] ENGINE HTTP Server cherrypy._cpwsgi_server.CPWSGIServer(('127.0.0.1', 31337)) shut down
[26/Nov/2019:23:26:39] ENGINE Bus STOPPED
[26/Nov/2019:23:26:39] ENGINE Bus EXITING
[26/Nov/2019:23:26:39] ENGINE Waiting for child threads to terminate...
[26/Nov/2019:23:26:39] ENGINE Bus EXITED
[26/Nov/2019:23:26:39] ENGINE Re-spawning C:\Users\Cary\.virtualenvs\vulndemoserver-KNzAZ6mw\Scripts\python.exe -B .\vulndemoserver.py
[26/Nov/2019:23:26:40] ENGINE Bus STARTING
[26/Nov/2019:23:26:40] ENGINE Started monitor thread 'Autoreloader'.
[26/Nov/2019:23:26:40] ENGINE Serving on http://127.0.0.1:31337
[26/Nov/2019:23:26:40] ENGINE Bus STARTED
[26/Nov/2019:23:26:47] ENGINE Restarting because C:\Users\Cary\Documents\Programming\Python\vulndemoserver\vulndemoserver.py changed.
[26/Nov/2019:23:26:47] ENGINE Stopped thread 'Autoreloader'.
[26/Nov/2019:23:26:47] ENGINE Bus STOPPING
[26/Nov/2019:23:26:47] ENGINE HTTP Server cherrypy._cpwsgi_server.CPWSGIServer(('127.0.0.1', 31337)) shut down
[26/Nov/2019:23:26:47] ENGINE Bus STOPPED
[26/Nov/2019:23:26:47] ENGINE Bus EXITING
[26/Nov/2019:23:26:47] ENGINE Waiting for child threads to terminate...
[26/Nov/2019:23:26:47] ENGINE Bus EXITED
[26/Nov/2019:23:26:47] ENGINE Re-spawning C:\Users\Cary\.virtualenvs\vulndemoserver-KNzAZ6mw\Scripts\python.exe -B .\vulndemoserver.py
[26/Nov/2019:23:26:47] ENGINE Bus STARTING
[26/Nov/2019:23:26:47] ENGINE Started monitor thread 'Autoreloader'.
[26/Nov/2019:23:26:48] ENGINE Serving on http://127.0.0.1:31337
[26/Nov/2019:23:26:48] ENGINE Bus STARTED
[26/Nov/2019:23:27:19] ENGINE Restarting because C:\Users\Cary\Documents\Programming\Python\vulndemoserver\vulndemoserver.py changed.
[26/Nov/2019:23:27:19] ENGINE Stopped thread 'Autoreloader'.
[26/Nov/2019:23:27:19] ENGINE Bus STOPPING
[26/Nov/2019:23:27:19] ENGINE HTTP Server cherrypy._cpwsgi_server.CPWSGIServer(('127.0.0.1', 31337)) shut down
[26/Nov/2019:23:27:19] ENGINE Bus STOPPED
[26/Nov/2019:23:27:19] ENGINE Bus EXITING
[26/Nov/2019:23:27:19] ENGINE Waiting for child threads to terminate...
[26/Nov/2019:23:27:19] ENGINE Bus EXITED
[26/Nov/2019:23:27:19] ENGINE Re-spawning C:\Users\Cary\.virtualenvs\vulndemoserver-KNzAZ6mw\Scripts\python.exe -B .\vulndemoserver.py
[26/Nov/2019:23:27:19] ENGINE Bus STARTING
[26/Nov/2019:23:27:19] ENGINE Started monitor thread 'Autoreloader'.
[26/Nov/2019:23:27:20] ENGINE Serving on http://127.0.0.1:31337
[26/Nov/2019:23:27:20] ENGINE Bus STARTED
[26/Nov/2019:23:27:41] ENGINE Restarting because C:\Users\Cary\Documents\Programming\Python\vulndemoserver\vulndemoserver.py changed.
[26/Nov/2019:23:27:41] ENGINE Stopped thread 'Autoreloader'.
[26/Nov/2019:23:27:41] ENGINE Bus STOPPING
[26/Nov/2019:23:27:41] ENGINE HTTP Server cherrypy._cpwsgi_server.CPWSGIServer(('127.0.0.1', 31337)) shut down
[26/Nov/2019:23:27:41] ENGINE Bus STOPPED
[26/Nov/2019:23:27:41] ENGINE Bus EXITING
[26/Nov/2019:23:27:41] ENGINE Waiting for child threads to terminate...
[26/Nov/2019:23:27:41] ENGINE Bus EXITED
[26/Nov/2019:23:27:41] ENGINE Re-spawning C:\Users\Cary\.virtualenvs\vulndemoserver-KNzAZ6mw\Scripts\python.exe -B .\vulndemoserver.py
[26/Nov/2019:23:28:19] ENGINE Bus STARTING
[26/Nov/2019:23:28:19] ENGINE Started monitor thread 'Autoreloader'.
[26/Nov/2019:23:28:19] ENGINE Serving on http://127.0.0.1:31337
[26/Nov/2019:23:28:19] ENGINE Bus STARTED
[26/Nov/2019:23:30:03] ENGINE Restarting because C:\Users\Cary\Documents\Programming\Python\vulndemoserver\vulndemoserver.py changed.
[26/Nov/2019:23:30:03] ENGINE Stopped thread 'Autoreloader'.
[26/Nov/2019:23:30:03] ENGINE Bus STOPPING
[26/Nov/2019:23:30:03] ENGINE HTTP Server cherrypy._cpwsgi_server.CPWSGIServer(('127.0.0.1', 31337)) shut down
[26/Nov/2019:23:30:03] ENGINE Bus STOPPED
[26/Nov/2019:23:30:03] ENGINE Bus EXITING
[26/Nov/2019:23:30:03] ENGINE Waiting for child threads to terminate...
[26/Nov/2019:23:30:03] ENGINE Bus EXITED
[26/Nov/2019:23:30:03] ENGINE Re-spawning C:\Users\Cary\.virtualenvs\vulndemoserver-KNzAZ6mw\Scripts\python.exe -B .\vulndemoserver.py
[26/Nov/2019:23:30:04] ENGINE Bus STARTING
[26/Nov/2019:23:30:04] ENGINE Started monitor thread 'Autoreloader'.
[26/Nov/2019:23:30:04] ENGINE Serving on http://127.0.0.1:31337
[26/Nov/2019:23:30:04] ENGINE Bus STARTED
[26/Nov/2019:23:30:11] HTTP 
Traceback (most recent call last):
  File "C:\Users\Cary\.virtualenvs\vulndemoserver-KNzAZ6mw\lib\site-packages\pdfkit\configuration.py", line 21, in __init__
    with open(self.wkhtmltopdf) as f:
FileNotFoundError: [Errno 2] No such file or directory: b''

During handling of the above exception, another exception occurred:

Traceback (most recent call last):
  File "C:\Users\Cary\.virtualenvs\vulndemoserver-KNzAZ6mw\lib\site-packages\cherrypy\_cprequest.py", line 638, in respond
    self._do_respond(path_info)
  File "C:\Users\Cary\.virtualenvs\vulndemoserver-KNzAZ6mw\lib\site-packages\cherrypy\_cprequest.py", line 697, in _do_respond
    response.body = self.handler()
  File "C:\Users\Cary\.virtualenvs\vulndemoserver-KNzAZ6mw\lib\site-packages\cherrypy\lib\encoding.py", line 219, in __call__
    self.body = self.oldhandler(*args, **kwargs)
  File "C:\Users\Cary\.virtualenvs\vulndemoserver-KNzAZ6mw\lib\site-packages\cherrypy\_cpdispatch.py", line 54, in __call__
    return self.callable(*self.args, **self.kwargs)
  File ".\vulndemoserver.py", line 138, in ssrf
    pdfkit.from_string(html,"test.pdf")
  File "C:\Users\Cary\.virtualenvs\vulndemoserver-KNzAZ6mw\lib\site-packages\pdfkit\api.py", line 69, in from_string
    r = PDFKit(input, 'string', options=options, toc=toc, cover=cover, css=css,
  File "C:\Users\Cary\.virtualenvs\vulndemoserver-KNzAZ6mw\lib\site-packages\pdfkit\pdfkit.py", line 42, in __init__
    self.configuration = (Configuration() if configuration is None
  File "C:\Users\Cary\.virtualenvs\vulndemoserver-KNzAZ6mw\lib\site-packages\pdfkit\configuration.py", line 24, in __init__
    raise IOError('No wkhtmltopdf executable found: "%s"\n'
OSError: No wkhtmltopdf executable found: "b''"
If this file exists please check that this process can read it. Otherwise please install wkhtmltopdf - https://github.com/JazzCore/python-pdfkit/wiki/Installing-wkhtmltopdf
[26/Nov/2019:23:30:11] HTTP 
Request Headers:
  Remote-Addr: 127.0.0.1
  HOST: 127.0.0.1:31337
  USER-AGENT: Mozilla/5.0 (Windows NT 10.0; Win64; x64; rv:70.0) Gecko/20100101 Firefox/70.0
  ACCEPT: text/html,application/xhtml+xml,application/xml;q=0.9,*/*;q=0.8
  ACCEPT-LANGUAGE: en-US,en;q=0.5
  ACCEPT-ENCODING: gzip, deflate
  DNT: 1
  CONNECTION: keep-alive
  COOKIE: Cookie="b'SGVyZSwgaGF2ZSBhIGNvb2tpZSE='"
  UPGRADE-INSECURE-REQUESTS: 1
[26/Nov/2019:23:31:42] HTTP 
Traceback (most recent call last):
  File "C:\Users\Cary\.virtualenvs\vulndemoserver-KNzAZ6mw\lib\site-packages\pdfkit\configuration.py", line 21, in __init__
    with open(self.wkhtmltopdf) as f:
FileNotFoundError: [Errno 2] No such file or directory: b''

During handling of the above exception, another exception occurred:

Traceback (most recent call last):
  File "C:\Users\Cary\.virtualenvs\vulndemoserver-KNzAZ6mw\lib\site-packages\cherrypy\_cprequest.py", line 638, in respond
    self._do_respond(path_info)
  File "C:\Users\Cary\.virtualenvs\vulndemoserver-KNzAZ6mw\lib\site-packages\cherrypy\_cprequest.py", line 697, in _do_respond
    response.body = self.handler()
  File "C:\Users\Cary\.virtualenvs\vulndemoserver-KNzAZ6mw\lib\site-packages\cherrypy\lib\encoding.py", line 219, in __call__
    self.body = self.oldhandler(*args, **kwargs)
  File "C:\Users\Cary\.virtualenvs\vulndemoserver-KNzAZ6mw\lib\site-packages\cherrypy\_cpdispatch.py", line 54, in __call__
    return self.callable(*self.args, **self.kwargs)
  File ".\vulndemoserver.py", line 138, in ssrf
    pdfkit.from_string(html,"test.pdf")
  File "C:\Users\Cary\.virtualenvs\vulndemoserver-KNzAZ6mw\lib\site-packages\pdfkit\api.py", line 69, in from_string
    r = PDFKit(input, 'string', options=options, toc=toc, cover=cover, css=css,
  File "C:\Users\Cary\.virtualenvs\vulndemoserver-KNzAZ6mw\lib\site-packages\pdfkit\pdfkit.py", line 42, in __init__
    self.configuration = (Configuration() if configuration is None
  File "C:\Users\Cary\.virtualenvs\vulndemoserver-KNzAZ6mw\lib\site-packages\pdfkit\configuration.py", line 24, in __init__
    raise IOError('No wkhtmltopdf executable found: "%s"\n'
OSError: No wkhtmltopdf executable found: "b''"
If this file exists please check that this process can read it. Otherwise please install wkhtmltopdf - https://github.com/JazzCore/python-pdfkit/wiki/Installing-wkhtmltopdf
[26/Nov/2019:23:31:42] HTTP 
Request Headers:
  Remote-Addr: 127.0.0.1
  HOST: 127.0.0.1:31337
  USER-AGENT: Mozilla/5.0 (Windows NT 10.0; Win64; x64; rv:70.0) Gecko/20100101 Firefox/70.0
  ACCEPT: text/html,application/xhtml+xml,application/xml;q=0.9,*/*;q=0.8
  ACCEPT-LANGUAGE: en-US,en;q=0.5
  ACCEPT-ENCODING: gzip, deflate
  DNT: 1
  CONNECTION: keep-alive
  COOKIE: Cookie="b'SGVyZSwgaGF2ZSBhIGNvb2tpZSE='"
  UPGRADE-INSECURE-REQUESTS: 1
[26/Nov/2019:23:31:52] ENGINE Bus STARTING
[26/Nov/2019:23:31:52] ENGINE Started monitor thread 'Autoreloader'.
[26/Nov/2019:23:31:53] ENGINE Error in 'start' listener <bound method Server.start of <cherrypy._cpserver.Server object at 0x000001DDA8233CA0>>
Traceback (most recent call last):
  File "C:\Users\Cary\.virtualenvs\vulndemoserver-KNzAZ6mw\lib\site-packages\portend.py", line 115, in free
    Checker(timeout=0.1).assert_free(host, port)
  File "C:\Users\Cary\.virtualenvs\vulndemoserver-KNzAZ6mw\lib\site-packages\portend.py", line 69, in assert_free
    list(itertools.starmap(self._connect, info))
  File "C:\Users\Cary\.virtualenvs\vulndemoserver-KNzAZ6mw\lib\site-packages\portend.py", line 85, in _connect
    raise PortNotFree(tmpl.format(**locals()))
portend.PortNotFree: Port 127.0.0.1 is in use on 31337.

During handling of the above exception, another exception occurred:

Traceback (most recent call last):
  File "C:\Users\Cary\.virtualenvs\vulndemoserver-KNzAZ6mw\lib\site-packages\cherrypy\process\wspbus.py", line 230, in publish
    output.append(listener(*args, **kwargs))
  File "C:\Users\Cary\.virtualenvs\vulndemoserver-KNzAZ6mw\lib\site-packages\cherrypy\_cpserver.py", line 180, in start
    super(Server, self).start()
  File "C:\Users\Cary\.virtualenvs\vulndemoserver-KNzAZ6mw\lib\site-packages\cherrypy\process\servers.py", line 177, in start
    portend.free(*self.bind_addr, timeout=Timeouts.free)
  File "C:\Users\Cary\.virtualenvs\vulndemoserver-KNzAZ6mw\lib\site-packages\portend.py", line 119, in free
    raise Timeout("Port {port} not free on {host}.".format(**locals()))
portend.Timeout: Port 31337 not free on 127.0.0.1.

[26/Nov/2019:23:31:53] ENGINE Shutting down due to error in start listener:
Traceback (most recent call last):
  File "C:\Users\Cary\.virtualenvs\vulndemoserver-KNzAZ6mw\lib\site-packages\cherrypy\process\wspbus.py", line 268, in start
    self.publish('start')
  File "C:\Users\Cary\.virtualenvs\vulndemoserver-KNzAZ6mw\lib\site-packages\cherrypy\process\wspbus.py", line 248, in publish
    raise exc
cherrypy.process.wspbus.ChannelFailures: Timeout('Port 31337 not free on 127.0.0.1.')

[26/Nov/2019:23:31:53] ENGINE Bus STOPPING
[26/Nov/2019:23:31:53] ENGINE HTTP Server cherrypy._cpwsgi_server.CPWSGIServer(('127.0.0.1', 31337)) already shut down
[26/Nov/2019:23:31:53] ENGINE Stopped thread 'Autoreloader'.
[26/Nov/2019:23:31:53] ENGINE Bus STOPPED
[26/Nov/2019:23:31:53] ENGINE Bus EXITING
[26/Nov/2019:23:31:53] ENGINE Bus EXITED
[26/Nov/2019:23:32:35] ENGINE Bus STARTING
[26/Nov/2019:23:32:35] ENGINE Started monitor thread 'Autoreloader'.
[26/Nov/2019:23:32:36] ENGINE Serving on http://127.0.0.1:31337
[26/Nov/2019:23:32:36] ENGINE Bus STARTED
[26/Nov/2019:23:37:42] ENGINE Restarting because C:\Users\Cary\Documents\Programming\Python\vulndemoserver\vulndemoserver.py changed.
[26/Nov/2019:23:37:42] ENGINE Stopped thread 'Autoreloader'.
[26/Nov/2019:23:37:42] ENGINE Bus STOPPING
[26/Nov/2019:23:37:42] ENGINE HTTP Server cherrypy._cpwsgi_server.CPWSGIServer(('127.0.0.1', 31337)) shut down
[26/Nov/2019:23:37:42] ENGINE Bus STOPPED
[26/Nov/2019:23:37:42] ENGINE Bus EXITING
[26/Nov/2019:23:37:42] ENGINE Keyboard Interrupt: shutting down bus
[26/Nov/2019:23:37:42] ENGINE Bus EXITED
[26/Nov/2019:23:37:42] ENGINE Bus STOPPING
[26/Nov/2019:23:37:42] ENGINE HTTP Server cherrypy._cpwsgi_server.CPWSGIServer(('127.0.0.1', 31337)) already shut down
[26/Nov/2019:23:37:42] ENGINE No thread running for None.
[26/Nov/2019:23:37:42] ENGINE Bus STOPPED
[26/Nov/2019:23:37:42] ENGINE Bus EXITING
[26/Nov/2019:23:37:42] ENGINE Bus EXITED
[26/Nov/2019:23:37:42] ENGINE Waiting for child threads to terminate...
[26/Nov/2019:23:37:42] ENGINE Re-spawning C:\Users\Cary\.virtualenvs\vulndemoserver-KNzAZ6mw\Scripts\python.exe -B .\vulndemoserver.py
[26/Nov/2019:23:37:42] ENGINE Bus STARTING
[26/Nov/2019:23:37:42] ENGINE Started monitor thread 'Autoreloader'.
[26/Nov/2019:23:37:42] ENGINE Serving on http://127.0.0.1:31337
[26/Nov/2019:23:37:42] ENGINE Bus STARTED
[26/Nov/2019:23:38:24] ENGINE Restarting because C:\Users\Cary\Documents\Programming\Python\vulndemoserver\vulndemoserver.py changed.
[26/Nov/2019:23:38:24] ENGINE Stopped thread 'Autoreloader'.
[26/Nov/2019:23:38:24] ENGINE Bus STOPPING
[26/Nov/2019:23:38:24] ENGINE HTTP Server cherrypy._cpwsgi_server.CPWSGIServer(('127.0.0.1', 31337)) shut down
[26/Nov/2019:23:38:24] ENGINE Bus STOPPED
[26/Nov/2019:23:38:24] ENGINE Bus EXITING
[26/Nov/2019:23:38:24] ENGINE Waiting for child threads to terminate...
[26/Nov/2019:23:38:24] ENGINE Bus EXITED
[26/Nov/2019:23:38:24] ENGINE Re-spawning C:\Users\Cary\.virtualenvs\vulndemoserver-KNzAZ6mw\Scripts\python.exe -B .\vulndemoserver.py
[26/Nov/2019:23:38:24] ENGINE Bus STARTING
[26/Nov/2019:23:38:24] ENGINE Started monitor thread 'Autoreloader'.
[26/Nov/2019:23:38:24] ENGINE Serving on http://127.0.0.1:31337
[26/Nov/2019:23:38:24] ENGINE Bus STARTED
[26/Nov/2019:23:38:32] ENGINE Restarting because C:\Users\Cary\Documents\Programming\Python\vulndemoserver\vulndemoserver.py changed.
[26/Nov/2019:23:38:32] ENGINE Stopped thread 'Autoreloader'.
[26/Nov/2019:23:38:32] ENGINE Bus STOPPING
[26/Nov/2019:23:38:32] ENGINE HTTP Server cherrypy._cpwsgi_server.CPWSGIServer(('127.0.0.1', 31337)) shut down
[26/Nov/2019:23:38:32] ENGINE Bus STOPPED
[26/Nov/2019:23:38:32] ENGINE Bus EXITING
[26/Nov/2019:23:38:32] ENGINE Waiting for child threads to terminate...
[26/Nov/2019:23:38:32] ENGINE Bus EXITED
[26/Nov/2019:23:38:32] ENGINE Re-spawning C:\Users\Cary\.virtualenvs\vulndemoserver-KNzAZ6mw\Scripts\python.exe -B .\vulndemoserver.py
[26/Nov/2019:23:38:33] ENGINE Bus STARTING
[26/Nov/2019:23:38:33] ENGINE Started monitor thread 'Autoreloader'.
[26/Nov/2019:23:38:33] ENGINE Serving on http://127.0.0.1:31337
[26/Nov/2019:23:38:33] ENGINE Bus STARTED
[26/Nov/2019:23:39:12] ENGINE Restarting because C:\Users\Cary\Documents\Programming\Python\vulndemoserver\vulndemoserver.py changed.
[26/Nov/2019:23:39:12] ENGINE Stopped thread 'Autoreloader'.
[26/Nov/2019:23:39:12] ENGINE Bus STOPPING
[26/Nov/2019:23:39:12] ENGINE HTTP Server cherrypy._cpwsgi_server.CPWSGIServer(('127.0.0.1', 31337)) shut down
[26/Nov/2019:23:39:12] ENGINE Bus STOPPED
[26/Nov/2019:23:39:12] ENGINE Bus EXITING
[26/Nov/2019:23:39:12] ENGINE Waiting for child threads to terminate...
[26/Nov/2019:23:39:12] ENGINE Bus EXITED
[26/Nov/2019:23:39:12] ENGINE Re-spawning C:\Users\Cary\.virtualenvs\vulndemoserver-KNzAZ6mw\Scripts\python.exe -B .\vulndemoserver.py
[26/Nov/2019:23:39:13] ENGINE Bus STARTING
[26/Nov/2019:23:39:13] ENGINE Started monitor thread 'Autoreloader'.
[26/Nov/2019:23:39:13] ENGINE Serving on http://127.0.0.1:31337
[26/Nov/2019:23:39:13] ENGINE Bus STARTED
[26/Nov/2019:23:39:19] ENGINE Restarting because C:\Users\Cary\Documents\Programming\Python\vulndemoserver\vulndemoserver.py changed.
[26/Nov/2019:23:39:19] ENGINE Stopped thread 'Autoreloader'.
[26/Nov/2019:23:39:19] ENGINE Bus STOPPING
[26/Nov/2019:23:39:19] ENGINE HTTP Server cherrypy._cpwsgi_server.CPWSGIServer(('127.0.0.1', 31337)) shut down
[26/Nov/2019:23:39:19] ENGINE Bus STOPPED
[26/Nov/2019:23:39:19] ENGINE Bus EXITING
[26/Nov/2019:23:39:19] ENGINE Waiting for child threads to terminate...
[26/Nov/2019:23:39:19] ENGINE Bus EXITED
[26/Nov/2019:23:39:19] ENGINE Re-spawning C:\Users\Cary\.virtualenvs\vulndemoserver-KNzAZ6mw\Scripts\python.exe -B .\vulndemoserver.py
[26/Nov/2019:23:39:20] ENGINE Bus STARTING
[26/Nov/2019:23:39:20] ENGINE Started monitor thread 'Autoreloader'.
[26/Nov/2019:23:39:20] ENGINE Serving on http://127.0.0.1:31337
[26/Nov/2019:23:39:20] ENGINE Bus STARTED
[26/Nov/2019:23:40:07] ENGINE Restarting because C:\Users\Cary\Documents\Programming\Python\vulndemoserver\vulndemoserver.py changed.
[26/Nov/2019:23:40:07] ENGINE Stopped thread 'Autoreloader'.
[26/Nov/2019:23:40:07] ENGINE Bus STOPPING
[26/Nov/2019:23:40:07] ENGINE HTTP Server cherrypy._cpwsgi_server.CPWSGIServer(('127.0.0.1', 31337)) shut down
[26/Nov/2019:23:40:07] ENGINE Bus STOPPED
[26/Nov/2019:23:40:07] ENGINE Bus EXITING
[26/Nov/2019:23:40:07] ENGINE Waiting for child threads to terminate...
[26/Nov/2019:23:40:07] ENGINE Bus EXITED
[26/Nov/2019:23:40:07] ENGINE Re-spawning C:\Users\Cary\.virtualenvs\vulndemoserver-KNzAZ6mw\Scripts\python.exe -B .\vulndemoserver.py
[26/Nov/2019:23:40:08] ENGINE Bus STARTING
[26/Nov/2019:23:40:08] ENGINE Started monitor thread 'Autoreloader'.
[26/Nov/2019:23:40:08] ENGINE Serving on http://127.0.0.1:31337
[26/Nov/2019:23:40:08] ENGINE Bus STARTED
[26/Nov/2019:23:40:48] ENGINE Restarting because C:\Users\Cary\Documents\Programming\Python\vulndemoserver\vulndemoserver.py changed.
[26/Nov/2019:23:40:48] ENGINE Stopped thread 'Autoreloader'.
[26/Nov/2019:23:40:48] ENGINE Bus STOPPING
[26/Nov/2019:23:40:49] ENGINE HTTP Server cherrypy._cpwsgi_server.CPWSGIServer(('127.0.0.1', 31337)) shut down
[26/Nov/2019:23:40:49] ENGINE Bus STOPPED
[26/Nov/2019:23:40:49] ENGINE Bus EXITING
[26/Nov/2019:23:40:49] ENGINE Waiting for child threads to terminate...
[26/Nov/2019:23:40:49] ENGINE Bus EXITED
[26/Nov/2019:23:40:49] ENGINE Re-spawning C:\Users\Cary\.virtualenvs\vulndemoserver-KNzAZ6mw\Scripts\python.exe -B .\vulndemoserver.py
[26/Nov/2019:23:40:49] ENGINE Bus STARTING
[26/Nov/2019:23:40:49] ENGINE Started monitor thread 'Autoreloader'.
[26/Nov/2019:23:40:49] ENGINE Serving on http://127.0.0.1:31337
[26/Nov/2019:23:40:49] ENGINE Bus STARTED
[26/Nov/2019:23:41:52] ENGINE Restarting because C:\Users\Cary\Documents\Programming\Python\vulndemoserver\vulndemoserver.py changed.
[26/Nov/2019:23:41:52] ENGINE Stopped thread 'Autoreloader'.
[26/Nov/2019:23:41:52] ENGINE Bus STOPPING
[26/Nov/2019:23:41:52] ENGINE HTTP Server cherrypy._cpwsgi_server.CPWSGIServer(('127.0.0.1', 31337)) shut down
[26/Nov/2019:23:41:52] ENGINE Bus STOPPED
[26/Nov/2019:23:41:52] ENGINE Bus EXITING
[26/Nov/2019:23:41:52] ENGINE Waiting for child threads to terminate...
[26/Nov/2019:23:41:52] ENGINE Bus EXITED
[26/Nov/2019:23:41:52] ENGINE Re-spawning C:\Users\Cary\.virtualenvs\vulndemoserver-KNzAZ6mw\Scripts\python.exe -B .\vulndemoserver.py
[26/Nov/2019:23:41:52] ENGINE Bus STARTING
[26/Nov/2019:23:41:52] ENGINE Started monitor thread 'Autoreloader'.
[26/Nov/2019:23:41:53] ENGINE Serving on http://127.0.0.1:31337
[26/Nov/2019:23:41:53] ENGINE Bus STARTED
[26/Nov/2019:23:42:15] ENGINE Restarting because C:\Users\Cary\Documents\Programming\Python\vulndemoserver\vulndemoserver.py changed.
[26/Nov/2019:23:42:15] ENGINE Stopped thread 'Autoreloader'.
[26/Nov/2019:23:42:15] ENGINE Bus STOPPING
[26/Nov/2019:23:42:15] ENGINE HTTP Server cherrypy._cpwsgi_server.CPWSGIServer(('127.0.0.1', 31337)) shut down
[26/Nov/2019:23:42:15] ENGINE Bus STOPPED
[26/Nov/2019:23:42:15] ENGINE Bus EXITING
[26/Nov/2019:23:42:15] ENGINE Waiting for child threads to terminate...
[26/Nov/2019:23:42:15] ENGINE Bus EXITED
[26/Nov/2019:23:42:15] ENGINE Re-spawning C:\Users\Cary\.virtualenvs\vulndemoserver-KNzAZ6mw\Scripts\python.exe -B .\vulndemoserver.py
[26/Nov/2019:23:42:15] ENGINE Bus STARTING
[26/Nov/2019:23:42:15] ENGINE Started monitor thread 'Autoreloader'.
[26/Nov/2019:23:42:16] ENGINE Serving on http://127.0.0.1:31337
[26/Nov/2019:23:42:16] ENGINE Bus STARTED
[26/Nov/2019:23:42:44] ENGINE Restarting because C:\Users\Cary\Documents\Programming\Python\vulndemoserver\vulndemoserver.py changed.
[26/Nov/2019:23:42:44] ENGINE Stopped thread 'Autoreloader'.
[26/Nov/2019:23:42:44] ENGINE Bus STOPPING
[26/Nov/2019:23:42:44] ENGINE HTTP Server cherrypy._cpwsgi_server.CPWSGIServer(('127.0.0.1', 31337)) shut down
[26/Nov/2019:23:42:44] ENGINE Bus STOPPED
[26/Nov/2019:23:42:44] ENGINE Bus EXITING
[26/Nov/2019:23:42:44] ENGINE Waiting for child threads to terminate...
[26/Nov/2019:23:42:44] ENGINE Bus EXITED
[26/Nov/2019:23:42:44] ENGINE Re-spawning C:\Users\Cary\.virtualenvs\vulndemoserver-KNzAZ6mw\Scripts\python.exe -B .\vulndemoserver.py
[26/Nov/2019:23:42:44] ENGINE Bus STARTING
[26/Nov/2019:23:42:44] ENGINE Started monitor thread 'Autoreloader'.
[26/Nov/2019:23:42:45] ENGINE Serving on http://127.0.0.1:31337
[26/Nov/2019:23:42:45] ENGINE Bus STARTED
[26/Nov/2019:23:43:07] ENGINE Restarting because C:\Users\Cary\Documents\Programming\Python\vulndemoserver\vulndemoserver.py changed.
[26/Nov/2019:23:43:07] ENGINE Stopped thread 'Autoreloader'.
[26/Nov/2019:23:43:07] ENGINE Bus STOPPING
[26/Nov/2019:23:43:07] ENGINE HTTP Server cherrypy._cpwsgi_server.CPWSGIServer(('127.0.0.1', 31337)) shut down
[26/Nov/2019:23:43:07] ENGINE Bus STOPPED
[26/Nov/2019:23:43:07] ENGINE Bus EXITING
[26/Nov/2019:23:43:07] ENGINE Waiting for child threads to terminate...
[26/Nov/2019:23:43:07] ENGINE Bus EXITED
[26/Nov/2019:23:43:07] ENGINE Re-spawning C:\Users\Cary\.virtualenvs\vulndemoserver-KNzAZ6mw\Scripts\python.exe -B .\vulndemoserver.py
[26/Nov/2019:23:43:07] ENGINE Bus STARTING
[26/Nov/2019:23:43:07] ENGINE Started monitor thread 'Autoreloader'.
[26/Nov/2019:23:43:08] ENGINE Serving on http://127.0.0.1:31337
[26/Nov/2019:23:43:08] ENGINE Bus STARTED
[26/Nov/2019:23:43:10] HTTP 
Traceback (most recent call last):
  File "C:\Users\Cary\.virtualenvs\vulndemoserver-KNzAZ6mw\lib\site-packages\cherrypy\_cprequest.py", line 638, in respond
    self._do_respond(path_info)
  File "C:\Users\Cary\.virtualenvs\vulndemoserver-KNzAZ6mw\lib\site-packages\cherrypy\_cprequest.py", line 697, in _do_respond
    response.body = self.handler()
  File "C:\Users\Cary\.virtualenvs\vulndemoserver-KNzAZ6mw\lib\site-packages\cherrypy\lib\encoding.py", line 219, in __call__
    self.body = self.oldhandler(*args, **kwargs)
  File "C:\Users\Cary\.virtualenvs\vulndemoserver-KNzAZ6mw\lib\site-packages\cherrypy\_cpdispatch.py", line 54, in __call__
    return self.callable(*self.args, **self.kwargs)
  File ".\vulndemoserver.py", line 146, in ssrf
    pdfkit.from_string(html,"wwwroot/pdf/" + pdfname)
  File "C:\Users\Cary\.virtualenvs\vulndemoserver-KNzAZ6mw\lib\site-packages\pdfkit\api.py", line 72, in from_string
    return r.to_pdf(output_path)
  File "C:\Users\Cary\.virtualenvs\vulndemoserver-KNzAZ6mw\lib\site-packages\pdfkit\pdfkit.py", line 156, in to_pdf
    raise IOError('wkhtmltopdf reported an error:\n' + stderr)
OSError: wkhtmltopdf reported an error:
Loading pages (1/6)
[>                                                           ] 0%[======>                                                     ] 10%[==============================>                             ] 50%[==============================>                             ] 50%[============================================================] 100%Counting pages (2/6)                                               
[============================================================] Object 1 of 1Resolving links (4/6)                                                       
[============================================================] Object 1 of 1Loading headers and footers (5/6)                                           
Printing pages (6/6)
[>                                                           ] Preparing[============================================================] Page 1 of 1Done                                                                      
Exit with code 1 due to network error: ConnectionRefusedError

[26/Nov/2019:23:43:10] HTTP 
Request Headers:
  Remote-Addr: 127.0.0.1
  HOST: 127.0.0.1:31337
  USER-AGENT: Mozilla/5.0 (Windows NT 10.0; Win64; x64; rv:70.0) Gecko/20100101 Firefox/70.0
  ACCEPT: text/html,application/xhtml+xml,application/xml;q=0.9,*/*;q=0.8
  ACCEPT-LANGUAGE: en-US,en;q=0.5
  ACCEPT-ENCODING: gzip, deflate
  ORIGIN: http://127.0.0.1:31337
  DNT: 1
  CONNECTION: keep-alive
  REFERER: http://127.0.0.1:31337/pdfgen
  COOKIE: Cookie="b'SGVyZSwgaGF2ZSBhIGNvb2tpZSE='"
  UPGRADE-INSECURE-REQUESTS: 1
  Content-Type: application/x-www-form-urlencoded
  Content-Length: 90
[26/Nov/2019:23:45:31] ENGINE Restarting because C:\Users\Cary\Documents\Programming\Python\vulndemoserver\vulndemoserver.py changed.
[26/Nov/2019:23:45:31] ENGINE Stopped thread 'Autoreloader'.
[26/Nov/2019:23:45:31] ENGINE Bus STOPPING
[26/Nov/2019:23:45:32] ENGINE HTTP Server cherrypy._cpwsgi_server.CPWSGIServer(('127.0.0.1', 31337)) shut down
[26/Nov/2019:23:45:32] ENGINE Bus STOPPED
[26/Nov/2019:23:45:32] ENGINE Bus EXITING
[26/Nov/2019:23:45:32] ENGINE Waiting for child threads to terminate...
[26/Nov/2019:23:45:32] ENGINE Bus EXITED
[26/Nov/2019:23:45:32] ENGINE Re-spawning C:\Users\Cary\.virtualenvs\vulndemoserver-KNzAZ6mw\Scripts\python.exe -B .\vulndemoserver.py
[26/Nov/2019:23:45:32] ENGINE Bus STARTING
[26/Nov/2019:23:45:32] ENGINE Started monitor thread 'Autoreloader'.
[26/Nov/2019:23:45:32] ENGINE Serving on http://127.0.0.1:31337
[26/Nov/2019:23:45:32] ENGINE Bus STARTED
[26/Nov/2019:23:46:22] ENGINE Restarting because C:\Users\Cary\Documents\Programming\Python\vulndemoserver\vulndemoserver.py changed.
[26/Nov/2019:23:46:22] ENGINE Stopped thread 'Autoreloader'.
[26/Nov/2019:23:46:22] ENGINE Bus STOPPING
[26/Nov/2019:23:46:22] ENGINE HTTP Server cherrypy._cpwsgi_server.CPWSGIServer(('127.0.0.1', 31337)) shut down
[26/Nov/2019:23:46:22] ENGINE Bus STOPPED
[26/Nov/2019:23:46:22] ENGINE Bus EXITING
[26/Nov/2019:23:46:22] ENGINE Waiting for child threads to terminate...
[26/Nov/2019:23:46:22] ENGINE Bus EXITED
[26/Nov/2019:23:46:22] ENGINE Re-spawning C:\Users\Cary\.virtualenvs\vulndemoserver-KNzAZ6mw\Scripts\python.exe -B .\vulndemoserver.py
[26/Nov/2019:23:46:22] ENGINE Bus STARTING
[26/Nov/2019:23:46:22] ENGINE Started monitor thread 'Autoreloader'.
[26/Nov/2019:23:46:22] ENGINE Serving on http://127.0.0.1:31337
[26/Nov/2019:23:46:22] ENGINE Bus STARTED
[26/Nov/2019:23:47:18] ENGINE Restarting because C:\Users\Cary\.virtualenvs\vulndemoserver-KNzAZ6mw\lib\base64.py changed.
[26/Nov/2019:23:47:18] ENGINE Stopped thread 'Autoreloader'.
[26/Nov/2019:23:47:18] ENGINE Bus STOPPING
[26/Nov/2019:23:47:18] ENGINE HTTP Server cherrypy._cpwsgi_server.CPWSGIServer(('127.0.0.1', 31337)) shut down
[26/Nov/2019:23:47:18] ENGINE Bus STOPPED
[26/Nov/2019:23:47:18] ENGINE Bus EXITING
[26/Nov/2019:23:47:18] ENGINE Waiting for child threads to terminate...
[26/Nov/2019:23:47:18] ENGINE Bus EXITED
[26/Nov/2019:23:47:18] ENGINE Re-spawning C:\Users\Cary\.virtualenvs\vulndemoserver-KNzAZ6mw\Scripts\python.exe -B .\vulndemoserver.py
